<html>
<head>
<title>TestNG:  ChromeTest</title>
<link href="../testng.css" rel="stylesheet" type="text/css" />
<link href="../my-testng.css" rel="stylesheet" type="text/css" />

<style type="text/css">
.log { display: none;} 
.stack-trace { display: none;} 
</style>
<script type="text/javascript">
<!--
function flip(e) {
  current = e.style.display;
  if (current == 'block') {
    e.style.display = 'none';
    return 0;
  }
  else {
    e.style.display = 'block';
    return 1;
  }
}

function toggleBox(szDivId, elem, msg1, msg2)
{
  var res = -1;  if (document.getElementById) {
    res = flip(document.getElementById(szDivId));
  }
  else if (document.all) {
    // this is the way old msie versions work
    res = flip(document.all[szDivId]);
  }
  if(elem) {
    if(res == 0) elem.innerHTML = msg1; else elem.innerHTML = msg2;
  }

}

function toggleAllBoxes() {
  if (document.getElementsByTagName) {
    d = document.getElementsByTagName('div');
    for (i = 0; i < d.length; i++) {
      if (d[i].className == 'log') {
        flip(d[i]);
      }
    }
  }
}

// -->
</script>

</head>
<body>
<h2 align='center'>ChromeTest</h2><table border='1' align="center">
<tr>
<td>Tests passed/Failed/Skipped:</td><td>25/1/0</td>
</tr><tr>
<td>Started on:</td><td>Sat Jul 30 22:23:44 IST 2022</td>
</tr>
<tr><td>Total time:</td><td>53 seconds (53344 ms)</td>
</tr><tr>
<td>Included groups:</td><td></td>
</tr><tr>
<td>Excluded groups:</td><td></td>
</tr>
</table><p/>
<small><i>(Hover the method name to see the test class name)</i></small><p/>
<table width='100%' border='1' class='invocation-failed'>
<tr><td colspan='4' align='center'><b>FAILED TESTS</b></td></tr>
<tr><td><b>Test method</b></td>
<td><b>Attribute(s)</b></td>
<td width="30%"><b>Exception</b></td>
<td width="10%"><b>Time (seconds)</b></td>
<td><b>Instance</b></td>
</tr>
<tr>
<td title='testCases.AdminUsers.validateLockPageButtonIsClickable()'><b>validateLockPageButtonIsClickable</b><br>Test class: testCases.AdminUsers</td>
<td><div><pre>org.openqa.selenium.ElementClickInterceptedException: element click intercepted: Element is not clickable at point (1300, 917)
  (Session info: chrome=103.0.5060.134)
Build info: version: &apos;4.2.1&apos;, revision: &apos;ac4d0fdd4a&apos;
System info: host: &apos;LAPTOP-IH7D7O72&apos;, ip: &apos;192.168.1.35&apos;, os.name: &apos;Windows 11&apos;, os.arch: &apos;amd64&apos;, os.version: &apos;10.0&apos;, java.version: &apos;17.0.2&apos;
Driver info: org.openqa.selenium.chrome.ChromeDriver
Command: [0e5a3ce7856057e161f789a7bbd43465, clickElement {id=f9a529d1-2a12-45cd-8687-54cb0ea4a1c3}]
Capabilities {acceptInsecureCerts: false, browserName: chrome, browserVersion: 103.0.5060.134, chrome: {chromedriverVersion: 103.0.5060.134 (8ec6fce403b..., userDataDir: C:\Users\91859\AppData\Loca...}, goog:chromeOptions: {debuggerAddress: localhost:60024}, networkConnectionEnabled: false, pageLoadStrategy: normal, platformName: WINDOWS, proxy: Proxy(), se:cdp: ws://localhost:60024/devtoo..., se:cdpVersion: 103.0.5060.134, setWindowRect: true, strictFileInteractability: false, timeouts: {implicit: 0, pageLoad: 300000, script: 30000}, unhandledPromptBehavior: dismiss and notify, webauthn:extension:credBlob: true, webauthn:extension:largeBlob: true, webauthn:virtualAuthenticators: true}
Element: [[ChromeDriver: chrome on WINDOWS (0e5a3ce7856057e161f789a7bbd43465)] -&gt; xpath: (//a[@class=&apos;btn btn-sm btn-danger btn-rounded&apos;][1])]
Session ID: 0e5a3ce7856057e161f789a7bbd43465
	at org.openqa.selenium.remote.codec.w3c.W3CHttpResponseCodec.createException(W3CHttpResponseCodec.java:200)
	at org.openqa.selenium.remote.codec.w3c.W3CHttpResponseCodec.decode(W3CHttpResponseCodec.java:133)
	at org.openqa.selenium.remote.codec.w3c.W3CHttpResponseCodec.decode(W3CHttpResponseCodec.java:53)
	at org.openqa.selenium.remote.HttpCommandExecutor.execute(HttpCommandExecutor.java:184)
	at org.openqa.selenium.remote.service.DriverCommandExecutor.invokeExecute(DriverCommandExecutor.java:167)
	at org.openqa.selenium.remote.service.DriverCommandExecutor.execute(DriverCommandExecutor.java:142)
	at org.openqa.selenium.remote.RemoteWebDriver.execute(RemoteWebDriver.java:551)
	at org.openqa.selenium.remote.RemoteWebElement.execute(RemoteWebElement.java:257)
	at org.openqa.selenium.remote.RemoteWebElement.click(RemoteWebElement.java:78)
	at org.openqa.selenium.support.pagefactory.internal.LocatingElementHandler.invoke(LocatingElementHandler.java:52)
	at jdk.proxy2/jdk.proxy2.$Proxy22.click(Unknown Source)
	at elementRepository.AdminUsersElements.clickLockButton(AdminUsersElements.java:105)
	at testCases.AdminUsers.validateLockPageButtonIsClickable(AdminUsers.java:59)
	at java.base/java.util.ArrayList.forEach(ArrayList.java:1511)
... Removed 35 stack frames</pre></div><a href='#' onClick='toggleBox("stack-trace2053555034", this, "Click to show all stack frames", "Click to hide stack frames")'>Click to show all stack frames</a>
<div class='stack-trace' id='stack-trace2053555034'><pre>org.openqa.selenium.ElementClickInterceptedException: element click intercepted: Element is not clickable at point (1300, 917)
  (Session info: chrome=103.0.5060.134)
Build info: version: &apos;4.2.1&apos;, revision: &apos;ac4d0fdd4a&apos;
System info: host: &apos;LAPTOP-IH7D7O72&apos;, ip: &apos;192.168.1.35&apos;, os.name: &apos;Windows 11&apos;, os.arch: &apos;amd64&apos;, os.version: &apos;10.0&apos;, java.version: &apos;17.0.2&apos;
Driver info: org.openqa.selenium.chrome.ChromeDriver
Command: [0e5a3ce7856057e161f789a7bbd43465, clickElement {id=f9a529d1-2a12-45cd-8687-54cb0ea4a1c3}]
Capabilities {acceptInsecureCerts: false, browserName: chrome, browserVersion: 103.0.5060.134, chrome: {chromedriverVersion: 103.0.5060.134 (8ec6fce403b..., userDataDir: C:\Users\91859\AppData\Loca...}, goog:chromeOptions: {debuggerAddress: localhost:60024}, networkConnectionEnabled: false, pageLoadStrategy: normal, platformName: WINDOWS, proxy: Proxy(), se:cdp: ws://localhost:60024/devtoo..., se:cdpVersion: 103.0.5060.134, setWindowRect: true, strictFileInteractability: false, timeouts: {implicit: 0, pageLoad: 300000, script: 30000}, unhandledPromptBehavior: dismiss and notify, webauthn:extension:credBlob: true, webauthn:extension:largeBlob: true, webauthn:virtualAuthenticators: true}
Element: [[ChromeDriver: chrome on WINDOWS (0e5a3ce7856057e161f789a7bbd43465)] -&gt; xpath: (//a[@class=&apos;btn btn-sm btn-danger btn-rounded&apos;][1])]
Session ID: 0e5a3ce7856057e161f789a7bbd43465
	at java.base/jdk.internal.reflect.NativeConstructorAccessorImpl.newInstance0(Native Method)
	at java.base/jdk.internal.reflect.NativeConstructorAccessorImpl.newInstance(NativeConstructorAccessorImpl.java:77)
	at java.base/jdk.internal.reflect.DelegatingConstructorAccessorImpl.newInstance(DelegatingConstructorAccessorImpl.java:45)
	at java.base/java.lang.reflect.Constructor.newInstanceWithCaller(Constructor.java:499)
	at java.base/java.lang.reflect.Constructor.newInstance(Constructor.java:480)
	at org.openqa.selenium.remote.codec.w3c.W3CHttpResponseCodec.createException(W3CHttpResponseCodec.java:200)
	at org.openqa.selenium.remote.codec.w3c.W3CHttpResponseCodec.decode(W3CHttpResponseCodec.java:133)
	at org.openqa.selenium.remote.codec.w3c.W3CHttpResponseCodec.decode(W3CHttpResponseCodec.java:53)
	at org.openqa.selenium.remote.HttpCommandExecutor.execute(HttpCommandExecutor.java:184)
	at org.openqa.selenium.remote.service.DriverCommandExecutor.invokeExecute(DriverCommandExecutor.java:167)
	at org.openqa.selenium.remote.service.DriverCommandExecutor.execute(DriverCommandExecutor.java:142)
	at org.openqa.selenium.remote.RemoteWebDriver.execute(RemoteWebDriver.java:551)
	at org.openqa.selenium.remote.RemoteWebElement.execute(RemoteWebElement.java:257)
	at org.openqa.selenium.remote.RemoteWebElement.click(RemoteWebElement.java:78)
	at jdk.internal.reflect.GeneratedMethodAccessor1.invoke(Unknown Source)
	at java.base/jdk.internal.reflect.DelegatingMethodAccessorImpl.invoke(DelegatingMethodAccessorImpl.java:43)
	at java.base/java.lang.reflect.Method.invoke(Method.java:568)
	at org.openqa.selenium.support.pagefactory.internal.LocatingElementHandler.invoke(LocatingElementHandler.java:52)
	at jdk.proxy2/jdk.proxy2.$Proxy22.click(Unknown Source)
	at elementRepository.AdminUsersElements.clickLockButton(AdminUsersElements.java:105)
	at testCases.AdminUsers.validateLockPageButtonIsClickable(AdminUsers.java:59)
	at java.base/jdk.internal.reflect.NativeMethodAccessorImpl.invoke0(Native Method)
	at java.base/jdk.internal.reflect.NativeMethodAccessorImpl.invoke(NativeMethodAccessorImpl.java:77)
	at java.base/jdk.internal.reflect.DelegatingMethodAccessorImpl.invoke(DelegatingMethodAccessorImpl.java:43)
	at java.base/java.lang.reflect.Method.invoke(Method.java:568)
	at org.testng.internal.invokers.MethodInvocationHelper.invokeMethod(MethodInvocationHelper.java:139)
	at org.testng.internal.invokers.TestInvoker.invokeMethod(TestInvoker.java:677)
	at org.testng.internal.invokers.TestInvoker.invokeTestMethod(TestInvoker.java:221)
	at org.testng.internal.invokers.MethodRunner.runInSequence(MethodRunner.java:50)
	at org.testng.internal.invokers.TestInvoker$MethodInvocationAgent.invoke(TestInvoker.java:962)
	at org.testng.internal.invokers.TestInvoker.invokeTestMethods(TestInvoker.java:194)
	at org.testng.internal.invokers.TestMethodWorker.invokeTestMethods(TestMethodWorker.java:148)
	at org.testng.internal.invokers.TestMethodWorker.run(TestMethodWorker.java:128)
	at java.base/java.util.ArrayList.forEach(ArrayList.java:1511)
	at org.testng.TestRunner.privateRun(TestRunner.java:806)
	at org.testng.TestRunner.run(TestRunner.java:601)
	at org.testng.SuiteRunner.runTest(SuiteRunner.java:433)
	at org.testng.SuiteRunner.runSequentially(SuiteRunner.java:427)
	at org.testng.SuiteRunner.privateRun(SuiteRunner.java:387)
	at org.testng.SuiteRunner.run(SuiteRunner.java:330)
	at org.testng.SuiteRunnerWorker.runSuite(SuiteRunnerWorker.java:52)
	at org.testng.SuiteRunnerWorker.run(SuiteRunnerWorker.java:95)
	at org.testng.TestNG.runSuitesSequentially(TestNG.java:1256)
	at org.testng.TestNG.runSuitesLocally(TestNG.java:1176)
	at org.testng.TestNG.runSuites(TestNG.java:1099)
	at org.testng.TestNG.run(TestNG.java:1067)
	at org.testng.remote.AbstractRemoteTestNG.run(AbstractRemoteTestNG.java:115)
	at org.testng.remote.RemoteTestNG.initAndRun(RemoteTestNG.java:251)
	at org.testng.remote.RemoteTestNG.main(RemoteTestNG.java:77)
</pre></div></td>
<td>1</td>
<td>testCases.AdminUsers@79e4c792</td></tr>
</table><p>
<table width='100%' border='1' class='invocation-passed'>
<tr><td colspan='4' align='center'><b>PASSED TESTS</b></td></tr>
<tr><td><b>Test method</b></td>
<td><b>Attribute(s)</b></td>
<td width="30%"><b>Exception</b></td>
<td width="10%"><b>Time (seconds)</b></td>
<td><b>Instance</b></td>
</tr>
<tr>
<td title='testCases.Login.validateLoginWithCorrectUserNameAndPassword()'><b>validateLoginWithCorrectUserNameAndPassword</b><br>Test class: testCases.Login</td>
<td></td>
<td>2</td>
<td>testCases.Login@53fb3dab</td></tr>
<tr>
<td title='testCases.ManagedeliveryBoy.validateDeleteDeliveryBoy()'><b>validateDeleteDeliveryBoy</b><br>Test class: testCases.ManagedeliveryBoy</td>
<td></td>
<td>0</td>
<td>testCases.ManagedeliveryBoy@196a42c3</td></tr>
<tr>
<td title='testCases.AdminUsers.validateInActiveButtonIsClickable()'><b>validateInActiveButtonIsClickable</b><br>Test class: testCases.AdminUsers</td>
<td></td>
<td>0</td>
<td>testCases.AdminUsers@79e4c792</td></tr>
<tr>
<td title='testCases.ManagedeliveryBoy.validateSearchDeliveryBoyWithInvalidEmail()'><b>validateSearchDeliveryBoyWithInvalidEmail</b><br>Test class: testCases.ManagedeliveryBoy</td>
<td></td>
<td>1</td>
<td>testCases.ManagedeliveryBoy@196a42c3</td></tr>
<tr>
<td title='testCases.ManagePages.validateAddNewPageOption()'><b>validateAddNewPageOption</b><br>Test class: testCases.ManagePages<br>Parameters: Flowers, Flowers, Roses are Red Flowers</td>
<td></td>
<td>4</td>
<td>testCases.ManagePages@17f9d882</td></tr>
<tr>
<td title='testCases.Login.validateLoginWithUserNameAlone()'><b>validateLoginWithUserNameAlone</b><br>Test class: testCases.Login</td>
<td></td>
<td>0</td>
<td>testCases.Login@53fb3dab</td></tr>
<tr>
<td title='testCases.AdminUsers.validateDeletePageOption()'><b>validateDeletePageOption</b><br>Test class: testCases.AdminUsers</td>
<td></td>
<td>0</td>
<td>testCases.AdminUsers@79e4c792</td></tr>
<tr>
<td title='testCases.ManagedeliveryBoy.validateSearchDeliveryBoyWithValidPhoneNumber()'><b>validateSearchDeliveryBoyWithValidPhoneNumber</b><br>Test class: testCases.ManagedeliveryBoy</td>
<td></td>
<td>1</td>
<td>testCases.ManagedeliveryBoy@196a42c3</td></tr>
<tr>
<td title='testCases.Login.validateRememberMebuttonBeforeClick()'><b>validateRememberMebuttonBeforeClick</b><br>Test class: testCases.Login</td>
<td></td>
<td>0</td>
<td>testCases.Login@53fb3dab</td></tr>
<tr>
<td title='testCases.Login.validateLoginWithInvalidPassword()'><b>validateLoginWithInvalidPassword</b><br>Test class: testCases.Login</td>
<td></td>
<td>1</td>
<td>testCases.Login@53fb3dab</td></tr>
<tr>
<td title='testCases.ManagePages.validateUploadImagesinAddNewPageOption()'><b>validateUploadImagesinAddNewPageOption</b><br>Test class: testCases.ManagePages</td>
<td></td>
<td>0</td>
<td>testCases.ManagePages@17f9d882</td></tr>
<tr>
<td title='testCases.Login.validateRememberMebuttonAfterClick()'><b>validateRememberMebuttonAfterClick</b><br>Test class: testCases.Login</td>
<td></td>
<td>0</td>
<td>testCases.Login@53fb3dab</td></tr>
<tr>
<td title='testCases.Login.validateLoginWithInvalidUserName()'><b>validateLoginWithInvalidUserName</b><br>Test class: testCases.Login</td>
<td></td>
<td>1</td>
<td>testCases.Login@53fb3dab</td></tr>
<tr>
<td title='testCases.ManagedeliveryBoy.validateSearchDeliveryBoyWithInvalidPhoneNumber()'><b>validateSearchDeliveryBoyWithInvalidPhoneNumber</b><br>Test class: testCases.ManagedeliveryBoy</td>
<td></td>
<td>0</td>
<td>testCases.ManagedeliveryBoy@196a42c3</td></tr>
<tr>
<td title='testCases.ManagePages.validateTextBoxesinAddNewPageOption()'><b>validateTextBoxesinAddNewPageOption</b><br>Test class: testCases.ManagePages</td>
<td></td>
<td>1</td>
<td>testCases.ManagePages@17f9d882</td></tr>
<tr>
<td title='testCases.ManagePages.validateDeleteButton()'><b>validateDeleteButton</b><br>Test class: testCases.ManagePages</td>
<td></td>
<td>0</td>
<td>testCases.ManagePages@17f9d882</td></tr>
<tr>
<td title='testCases.Login.validateLoginWithPasswordAlone()'><b>validateLoginWithPasswordAlone</b><br>Test class: testCases.Login</td>
<td></td>
<td>1</td>
<td>testCases.Login@53fb3dab</td></tr>
<tr>
<td title='testCases.ManagedeliveryBoy.validateAddNewDeliveryBoy()'><b>validateAddNewDeliveryBoy</b><br>Test class: testCases.ManagedeliveryBoy</td>
<td></td>
<td>4</td>
<td>testCases.ManagedeliveryBoy@196a42c3</td></tr>
<tr>
<td title='testCases.ManagePages.validateManagePagesSearchOptionWithPageName()'><b>validateManagePagesSearchOptionWithPageName</b><br>Test class: testCases.ManagePages</td>
<td></td>
<td>4</td>
<td>testCases.ManagePages@17f9d882</td></tr>
<tr>
<td title='testCases.AdminUsers.validateAddNewPageOption()'><b>validateAddNewPageOption</b><br>Test class: testCases.AdminUsers</td>
<td></td>
<td>4</td>
<td>testCases.AdminUsers@79e4c792</td></tr>
<tr>
<td title='testCases.ManagedeliveryBoy.validateSearchDeliveryBoyWithValidName()'><b>validateSearchDeliveryBoyWithValidName</b><br>Test class: testCases.ManagedeliveryBoy</td>
<td></td>
<td>1</td>
<td>testCases.ManagedeliveryBoy@196a42c3</td></tr>
<tr>
<td title='testCases.AdminUsers.validateActiveButtonIsClickable()'><b>validateActiveButtonIsClickable</b><br>Test class: testCases.AdminUsers</td>
<td></td>
<td>0</td>
<td>testCases.AdminUsers@79e4c792</td></tr>
<tr>
<td title='testCases.AdminUsers.validateUnLockPageButtonIsClickable()'><b>validateUnLockPageButtonIsClickable</b><br>Test class: testCases.AdminUsers</td>
<td></td>
<td>0</td>
<td>testCases.AdminUsers@79e4c792</td></tr>
<tr>
<td title='testCases.ManagedeliveryBoy.validateSearchDeliveryBoyWithInvalidName()'><b>validateSearchDeliveryBoyWithInvalidName</b><br>Test class: testCases.ManagedeliveryBoy</td>
<td></td>
<td>1</td>
<td>testCases.ManagedeliveryBoy@196a42c3</td></tr>
<tr>
<td title='testCases.ManagedeliveryBoy.validateSearchDeliveryBoyWithValidEmail()'><b>validateSearchDeliveryBoyWithValidEmail</b><br>Test class: testCases.ManagedeliveryBoy</td>
<td></td>
<td>1</td>
<td>testCases.ManagedeliveryBoy@196a42c3</td></tr>
</table><p>
</body>
</html>