<?xml version="1.0" encoding="UTF-8"?>
<!-- Generated by org.testng.reporters.JUnitXMLReporter -->
<testsuite ignored="6" hostname="LAPTOP-IH7D7O72" failures="1" tests="26" name="ChromeTest" time="53.344" errors="0" timestamp="2022-07-30T22:24:37 IST">
  <testcase classname="testCases.Login" name="validateLoginWithPasswordAlone" time="1.082"/>
  <testcase classname="testCases.Login" name="validateLoginWithUserNameAlone" time="0.787"/>
  <testcase classname="testCases.Login" name="validateLoginWithCorrectUserNameAndPassword" time="2.242"/>
  <testcase classname="testCases.Login" name="validateRememberMebuttonBeforeClick" time="0.225"/>
  <testcase classname="testCases.Login" name="validateRememberMebuttonAfterClick" time="0.236"/>
  <testcase classname="testCases.Login" name="validateLoginWithInvalidUserName" time="1.085"/>
  <testcase classname="testCases.Login" name="validateLoginWithInvalidPassword" time="1.353"/>
  <testcase classname="testCases.ManagePages" name="validateManagePagesSearchOptionWithPageName" time="4.188"/>
  <testcase classname="testCases.ManagePages" name="validateTextBoxesinAddNewPageOption" time="1.703"/>
  <testcase classname="testCases.ManagePages" name="validateUploadImagesinAddNewPageOption" time="0.412"/>
  <testcase classname="testCases.ManagePages" name="validateDeleteButton" time="0.773"/>
  <testcase classname="testCases.ManagePages" name="validateAddNewPageOption" time="4.193"/>
  <testcase classname="testCases.AdminUsers" name="validateAddNewPageOption" time="4.099"/>
  <testcase classname="testCases.AdminUsers" name="validateDeletePageOption" time="0.7"/>
  <testcase classname="testCases.AdminUsers" name="validateLockPageButtonIsClickable" time="1.174">
    <failure type="org.openqa.selenium.ElementClickInterceptedException" message="element click intercepted: Element is not clickable at point (1300, 917)
  (Session info: chrome=103.0.5060.134)
Build info: version: &amp;apos;4.2.1&amp;apos;, revision: &amp;apos;ac4d0fdd4a&amp;apos;
System info: host: &amp;apos;LAPTOP-IH7D7O72&amp;apos;, ip: &amp;apos;192.168.1.35&amp;apos;, os.name: &amp;apos;Windows 11&amp;apos;, os.arch: &amp;apos;amd64&amp;apos;, os.version: &amp;apos;10.0&amp;apos;, java.version: &amp;apos;17.0.2&amp;apos;
Driver info: org.openqa.selenium.chrome.ChromeDriver
Command: [0e5a3ce7856057e161f789a7bbd43465, clickElement {id=f9a529d1-2a12-45cd-8687-54cb0ea4a1c3}]
Capabilities {acceptInsecureCerts: false, browserName: chrome, browserVersion: 103.0.5060.134, chrome: {chromedriverVersion: 103.0.5060.134 (8ec6fce403b..., userDataDir: C:\Users\91859\AppData\Loca...}, goog:chromeOptions: {debuggerAddress: localhost:60024}, networkConnectionEnabled: false, pageLoadStrategy: normal, platformName: WINDOWS, proxy: Proxy(), se:cdp: ws://localhost:60024/devtoo..., se:cdpVersion: 103.0.5060.134, setWindowRect: true, strictFileInteractability: false, timeouts: {implicit: 0, pageLoad: 300000, script: 30000}, unhandledPromptBehavior: dismiss and notify, webauthn:extension:credBlob: true, webauthn:extension:largeBlob: true, webauthn:virtualAuthenticators: true}
Element: [[ChromeDriver: chrome on WINDOWS (0e5a3ce7856057e161f789a7bbd43465)] -&amp;gt; xpath: (//a[@class=&amp;apos;btn btn-sm btn-danger btn-rounded&amp;apos;][1])]
Session ID: 0e5a3ce7856057e161f789a7bbd43465">
      <![CDATA[org.openqa.selenium.ElementClickInterceptedException: element click intercepted: Element is not clickable at point (1300, 917)
  (Session info: chrome=103.0.5060.134)
Build info: version: '4.2.1', revision: 'ac4d0fdd4a'
System info: host: 'LAPTOP-IH7D7O72', ip: '192.168.1.35', os.name: 'Windows 11', os.arch: 'amd64', os.version: '10.0', java.version: '17.0.2'
Driver info: org.openqa.selenium.chrome.ChromeDriver
Command: [0e5a3ce7856057e161f789a7bbd43465, clickElement {id=f9a529d1-2a12-45cd-8687-54cb0ea4a1c3}]
Capabilities {acceptInsecureCerts: false, browserName: chrome, browserVersion: 103.0.5060.134, chrome: {chromedriverVersion: 103.0.5060.134 (8ec6fce403b..., userDataDir: C:\Users\91859\AppData\Loca...}, goog:chromeOptions: {debuggerAddress: localhost:60024}, networkConnectionEnabled: false, pageLoadStrategy: normal, platformName: WINDOWS, proxy: Proxy(), se:cdp: ws://localhost:60024/devtoo..., se:cdpVersion: 103.0.5060.134, setWindowRect: true, strictFileInteractability: false, timeouts: {implicit: 0, pageLoad: 300000, script: 30000}, unhandledPromptBehavior: dismiss and notify, webauthn:extension:credBlob: true, webauthn:extension:largeBlob: true, webauthn:virtualAuthenticators: true}
Element: [[ChromeDriver: chrome on WINDOWS (0e5a3ce7856057e161f789a7bbd43465)] -> xpath: (//a[@class='btn btn-sm btn-danger btn-rounded'][1])]
Session ID: 0e5a3ce7856057e161f789a7bbd43465
at org.openqa.selenium.remote.codec.w3c.W3CHttpResponseCodec.createException(W3CHttpResponseCodec.java:200)
at org.openqa.selenium.remote.codec.w3c.W3CHttpResponseCodec.decode(W3CHttpResponseCodec.java:133)
at org.openqa.selenium.remote.codec.w3c.W3CHttpResponseCodec.decode(W3CHttpResponseCodec.java:53)
at org.openqa.selenium.remote.HttpCommandExecutor.execute(HttpCommandExecutor.java:184)
at org.openqa.selenium.remote.service.DriverCommandExecutor.invokeExecute(DriverCommandExecutor.java:167)
at org.openqa.selenium.remote.service.DriverCommandExecutor.execute(DriverCommandExecutor.java:142)
at org.openqa.selenium.remote.RemoteWebDriver.execute(RemoteWebDriver.java:551)
at org.openqa.selenium.remote.RemoteWebElement.execute(RemoteWebElement.java:257)
at org.openqa.selenium.remote.RemoteWebElement.click(RemoteWebElement.java:78)
at org.openqa.selenium.support.pagefactory.internal.LocatingElementHandler.invoke(LocatingElementHandler.java:52)
at jdk.proxy2/jdk.proxy2.$Proxy22.click(Unknown Source)
at elementRepository.AdminUsersElements.clickLockButton(AdminUsersElements.java:105)
at testCases.AdminUsers.validateLockPageButtonIsClickable(AdminUsers.java:59)
at java.base/java.util.ArrayList.forEach(ArrayList.java:1511)
... Removed 35 stack frames]]>
    </failure>
  </testcase> <!-- validateLockPageButtonIsClickable -->
  <testcase classname="testCases.AdminUsers" name="validateUnLockPageButtonIsClickable" time="0.709"/>
  <testcase classname="testCases.AdminUsers" name="validateActiveButtonIsClickable" time="0.79"/>
  <testcase classname="testCases.AdminUsers" name="validateInActiveButtonIsClickable" time="0.894"/>
  <testcase classname="testCases.ManagedeliveryBoy" name="validateAddNewDeliveryBoy" time="4.566"/>
  <testcase classname="testCases.ManagedeliveryBoy" name="validateSearchDeliveryBoyWithValidName" time="1.225"/>
  <testcase classname="testCases.ManagedeliveryBoy" name="validateSearchDeliveryBoyWithValidPhoneNumber" time="1.049"/>
  <testcase classname="testCases.ManagedeliveryBoy" name="validateSearchDeliveryBoyWithValidEmail" time="1.198"/>
  <testcase classname="testCases.ManagedeliveryBoy" name="validateSearchDeliveryBoyWithInvalidName" time="1.247"/>
  <testcase classname="testCases.ManagedeliveryBoy" name="validateSearchDeliveryBoyWithInvalidPhoneNumber" time="0.974"/>
  <testcase classname="testCases.ManagedeliveryBoy" name="validateSearchDeliveryBoyWithInvalidEmail" time="1.284"/>
  <testcase classname="testCases.ManagedeliveryBoy" name="validateDeleteDeliveryBoy" time="0.847"/>
  <testcase classname="testCases.BaseClass" name="@AfterTest afterTest" time="0.0">
    <ignored/>
  </testcase> <!-- @AfterTest afterTest -->
  <testcase classname="testCases.BaseClass" name="@AfterTest afterTest" time="0.0">
    <ignored/>
  </testcase> <!-- @AfterTest afterTest -->
  <testcase classname="testCases.BaseClass" name="@BeforeTest beforeTest" time="0.0">
    <ignored/>
  </testcase> <!-- @BeforeTest beforeTest -->
  <testcase classname="testCases.BaseClass" name="@BeforeTest beforeTest" time="0.0">
    <ignored/>
  </testcase> <!-- @BeforeTest beforeTest -->
  <testcase classname="testCases.BaseClass" name="@BeforeTest beforeTest" time="0.0">
    <ignored/>
  </testcase> <!-- @BeforeTest beforeTest -->
  <testcase classname="testCases.BaseClass" name="@AfterTest afterTest" time="0.0">
    <ignored/>
  </testcase> <!-- @AfterTest afterTest -->
</testsuite> <!-- ChromeTest -->
